Terminal log file
Date: 1/10/2016 - 4:58:06 PM
-----------------------------------------------
BB BB 00 00 00 00 00 00 00 01 76 BB BB 00 00 00 
00 00 00 00 01 76 BB BB 00 00 00 00 00 00 00 01 
76 BB BB 00 00 00 00 00 00 00 01 76 BB BB 00 00 
00 00 00 00 00 01 76 BB BB 00 00 00 00 00 00 00 
01 76 BB BB 00 00 00 00 00 00 00 01 76 BB BB 00 
00 00 00 00 00 00 01 76 BB BB 00 00 00 00 00 00 
00 01 76 BB BB 00 00 00 00 00 00 00 01 76 BB BB 
00 00 00 00 00 00 00 01 76 BB BB 00 00 00 00 00 
00 00 01 76 BB BB 00 00 00 00 00 00 00 01 76 BB 
BB 00 00 00 00 00 00 00 01 76 BB BB 00 00 00 00 
00 00 00 01 76 BB BB 00 00 00 00 00 00 00 01 76 
BB BB 00 00 00 00 00 00 00 01 76 BB BB 00 00 00 
00 00 00 00 01 76 BB BB 00 00 00 00 00 00 00 01 
76 BB BB 00 00 00 00 00 00 00 01 76 BB BB 00 00 
00 00 00 00 00 01 76 BB BB 00 00 00 00 00 00 00 
01 76 BB BB 00 00 00 00 00 00 00 01 76 BB BB 00 
00 00 00 00 00 00 01 76 BB BB 00 00 00 00 00 00 
00 01 76 BB BB 00 00 00 00 00 00 00 01 76 BB BB 
00 00 00 00 00 00 00 01 76 BB BB 00 00 00 00 00 
00 00 01 76 BB BB 00 00 00 00 00 00 00 01 76 BB 
BB 00 00 00 00 00 00 00 01 76 BB BB 00 00 00 00 
00 00 00 01 76 BB BB 00 00 00 00 00 00 00 01 76 
BB BB 00 00 00 00 00 00 00 01 76 BB BB 00 00 00 
00 00 00 00 01 76 BB BB 00 00 00 00 00 00 00 01 
76 BB BB 00 00 00 00 00 00 00 01 76 BB BB 00 00 
00 00 00 00 00 01 76 BB BB 00 00 00 00 00 00 00 
01 76 BB BB 00 00 00 00 00 00 00 01 76 BB BB 00 
00 00 00 00 00 00 01 76 BB BB 00 00 00 00 00 00 
00 01 76 BB BB 00 00 00 00 00 00 00 01 76 BB BB 
00 00 00 00 00 00 00 01 76 BB BB 00 00 00 00 00 
00 00 01 76 BB BB 00 00 00 00 00 00 00 01 76 BB 
BB 00 00 00 00 00 00 00 01 76 BB BB 00 00 00 00 
00 00 00 01 76 BB BB 00 00 00 00 00 00 00 01 76 
BB BB 00 00 00 00 00 00 00 01 76 BB BB 00 00 00 
00 00 00 00 01 76 BB BB 00 00 00 00 00 00 00 01 
76 BB BB 00 00 00 00 00 00 00 01 76 BB BB 00 00 
00 00 00 00 00 01 76 BB BB 00 00 00 00 00 00 00 
01 76 BB BB 00 00 00 00 00 00 00 01 76 BB BB 00 
00 00 00 00 00 00 01 76 BB BB 00 00 00 00 00 00 
00 01 76 BB BB 00 00 00 00 00 00 00 01 76 BB BB 
00 00 00 00 00 00 00 01 76 BB BB 00 00 00 00 00 
00 00 01 76 BB BB 00 00 00 00 00 00 00 01 76 BB 
BB 00 00 00 00 00 00 00 01 76 BB BB 00 00 00 00 
00 00 00 01 76 BB BB 00 00 00 00 00 00 00 01 76 
BB BB 00 00 00 00 00 00 00 01 76 BB BB 00 00 00 
00 00 00 00 01 76 BB BB 00 00 00 00 00 00 00 01 
76 BB BB 00 00 00 00 00 00 00 01 76 BB BB 00 00 
00 00 00 00 00 01 76 BB BB 00 00 00 00 00 00 00 
01 76 BB BB 00 00 00 00 00 00 00 01 76 BB BB 00 
00 00 00 00 00 00 01 76 BB BB 00 00 00 00 00 00 
00 01 76 BB BB 00 00 00 00 00 00 00 01 76 BB BB 
00 00 00 00 00 00 00 01 76 BB BB 00 00 00 00 00 
00 00 01 76 BB BB 00 00 00 00 00 00 00 01 76 BB 
BB 00 00 00 00 00 00 00 01 76 BB BB 00 00 00 00 
00 00 00 01 76 BB BB 00 00 00 00 00 00 00 01 76 
BB BB 00 00 00 00 00 00 00 01 76 BB BB 00 00 00 
00 00 00 00 01 76 BB BB 00 00 00 00 00 00 00 01 
76 BB BB 00 00 00 00 00 00 00 01 76 BB BB 00 00 
00 00 00 00 00 01 76 BB BB 00 00 00 00 00 00 00 
01 76 BB BB 00 00 00 00 00 00 00 01 76 BB BB 00 
00 00 00 00 00 00 01 76 BB BB 00 00 00 00 00 00 
00 01 76 BB BB 00 00 00 00 00 00 00 01 76 BB BB 
00 00 00 00 00 00 00 01 76 BB BB 00 00 00 00 00 
00 00 01 76 BB BB 00 00 00 00 00 00 00 01 76 BB 
BB 00 00 00 00 00 00 00 01 76 BB BB 00 00 00 00 
00 00 00 01 76 BB BB 00 00 00 00 00 00 00 01 76 
BB BB 00 00 00 00 00 00 00 01 76 BB BB 00 00 00 
00 00 00 00 01 76 BB BB 00 00 00 00 00 00 00 01 
76 BB BB 00 00 00 00 00 00 00 01 76 BB BB 00 00 
00 00 00 00 00 01 76 BB BB 00 00 00 00 00 00 00 
01 76 BB BB 00 00 00 00 00 00 00 01 76 BB BB 00 
00 00 00 00 00 00 01 76 BB BB 00 00 00 00 00 00 
00 01 76 BB BB 00 00 00 00 00 00 00 01 76 BB BB 
00 00 00 00 00 00 00 01 76 BB BB 00 00 00 00 00 
00 00 01 76 BB BB 00 00 00 00 00 00 00 01 76 BB 
BB 00 00 00 00 00 00 00 01 76 BB BB 00 00 00 00 
00 00 00 01 76 BB BB 00 00 00 00 00 00 00 01 76 
BB BB 00 00 00 00 00 00 00 01 76 BB BB 00 00 00 
00 00 00 00 01 76 BB BB 00 00 00 00 00 00 00 01 
76 BB BB 00 00 00 00 00 00 00 01 76 BB BB 00 00 
00 00 00 00 00 01 76 BB BB 00 00 00 00 00 00 00 
01 76 BB BB 00 00 00 00 00 00 00 01 76 BB BB 00 
00 00 00 00 00 00 01 76 BB BB 00 00 00 00 00 00 
00 01 76 BB BB 00 00 00 00 00 00 00 01 76 BB BB 
00 00 00 00 00 00 00 01 76 BB BB 00 00 00 00 00 
00 00 01 76 BB BB 00 00 00 00 00 00 00 01 76 BB 
BB 00 00 00 00 00 00 00 01 76 BB BB 00 00 00 00 
00 00 00 01 76 BB BB 00 00 00 00 00 00 00 01 76 
BB BB 00 00 00 00 00 00 00 01 76 BB BB 00 00 00 
00 00 00 00 01 76 BB BB 00 00 00 00 00 00 00 01 
76 BB BB 00 00 00 00 00 00 00 01 76 BB BB 00 00 
00 00 00 00 00 01 76 BB BB 00 00 00 00 00 00 00 
01 76 BB BB 00 00 00 00 00 00 00 01 76 BB BB 00 
00 00 00 00 00 00 01 76 BB BB 00 00 00 00 00 00 
00 01 76 BB BB 00 00 00 00 00 00 00 01 76 BB BB 
00 00 00 00 00 00 00 01 76 BB BB 00 00 00 00 00 
00 00 01 76 BB BB 00 00 00 00 00 00 00 01 76 00 
BB BB 00 00 00 00 00 80 0B 31 30 30 33 33 37 36 
31 31 30 32 04 29 
-----------------------------------------------
Date: 1/10/2016 - 5:06:12 PM
End log file
