Terminal log file
Date: 19/10/2016 - 12:43:59 PM
-----------------------------------------------
BB BB 00 00 00 00 00 00 00 01 76 BB BB 01 00 00 
01 01 02 00 01 7B BB BB 00 00 00 00 00 00 00 01 
76 BB BB 01 00 00 01 01 02 00 01 7B BB BB 00 00 
00 00 00 01 0C 31 30 30 33 33 37 36 31 31 30 32 
01 03 AC BB BB 01 00 00 01 01 02 00 01 7B BB BB 
00 00 00 00 00 01 0C 31 30 30 33 33 37 36 31 31 
30 32 01 03 AC BB BB 00 00 00 00 00 01 0C 31 30 
30 33 33 37 36 31 31 30 32 01 03 AC BB BB 00 00 
00 00 00 01 0C 31 30 30 33 33 37 36 31 31 30 32 
01 03 AC BB BB 01 00 00 01 01 02 00 01 7B BB BB 
01 00 00 01 01 02 00 01 7B BB BB 01 00 00 01 01 
02 00 01 7B BB BB 01 00 00 01 01 02 00 01 7B BB 
BB 01 00 00 01 01 02 00 01 7B BB BB 01 00 00 01 
01 02 00 01 7B BB BB 01 00 00 01 01 02 00 01 7B 
BB BB 01 00 00 01 01 02 00 01 7B BB BB 00 00 00 
00 00 00 00 01 76 BB BB 01 00 00 01 01 02 00 01 
7B BB BB 00 00 00 00 00 00 00 01 76 BB BB 01 00 
00 01 01 02 00 01 7B BB BB 00 00 00 00 00 00 00 
01 76 
-----------------------------------------------
Date: 19/10/2016 - 12:44:16 PM
End log file
