37  0.00000000  SolarINVSer.exe  IRP_MJ_WRITE  Serial0  Length 11: BB BB 01 00 00 01 01 02 00 01 7B 
39  0.00000782  SUCCESS  Length 14: BB BB 00 01 01 00 01 82 2A 00 D9 08 C8 00 
46  0.00000643  SUCCESS  Length 14: 10 00 00 13 47 00 01 00 00 00 00 00 00 00 
53  0.00000615  SUCCESS  Length 14: 00 00 00 00 0E 09 6C 13 86 01 5E 00 00 00 
60  0.00000615  SUCCESS  Length 11: 00 59 CC 00 00 00 00 00 00 06 D9 

66  0.00000000  SolarINVSer.exe  IRP_MJ_WRITE  Serial0  Length 11: BB BB 01 00 00 01 01 02 00 01 7B 
68  0.00000754  SUCCESS  Length 14: BB BB 00 01 01 00 01 82 2A 00 CA 09 40 00 
75  0.00000670  SUCCESS  Length 14: 0F 00 00 13 47 00 01 00 00 00 00 00 00 00 
82  0.00000670  SUCCESS  Length 14: 00 00 00 00 0E 09 75 13 85 01 58 00 00 00 
89  0.00000670  SUCCESS  Length 11: 00 59 CC 00 00 00 00 00 00 06 44 

95  0.00000000  SolarINVSer.exe  IRP_MJ_WRITE  Serial0  Length 11: BB BB 01 00 00 01 01 02 00 01 7B 
97  0.00000726  SUCCESS  Length 14: BB BB 00 01 01 00 01 82 2A 00 CE 09 19 00 
104  0.00000643  SUCCESS  Length 14: 0F 00 00 13 47 00 01 00 00 00 00 00 00 00 
111  0.00000615  SUCCESS  Length 14: 00 00 00 00 0E 09 75 13 85 01 58 00 00 00 
118  0.00000643  SUCCESS  Length 11: 00 59 CC 00 00 00 00 00 00 06 21 

124  0.00000000  SolarINVSer.exe  IRP_MJ_WRITE  Serial0  Length 11: BB BB 01 00 00 01 01 02 00 01 7B 
126  0.00000754  SUCCESS  Length 14: BB BB 00 01 01 00 01 82 2A 00 C3 08 D5 00 
133  0.00000643  SUCCESS  Length 14: 10 00 00 13 47 00 01 00 00 00 00 00 00 00 
140  0.00000643  SUCCESS  Length 14: 00 00 00 00 0E 09 75 13 86 01 60 00 00 00 
147  0.00000615  SUCCESS  Length 11: 00 59 CC 00 00 00 00 00 00 06 DB 

153  0.00000000  SolarINVSer.exe  IRP_MJ_WRITE  Serial0  Length 11: BB BB 01 00 00 01 01 02 00 01 7B 
155  0.00000754  SUCCESS  Length 14: BB BB 00 01 01 00 01 82 2A 00 B4 09 30 00 
162  0.00000643  SUCCESS  Length 14: 0F 00 00 13 47 00 01 00 00 00 00 00 00 00 
169  0.00000643  SUCCESS  Length 14: 00 00 00 00 0E 09 75 13 86 01 59 00 00 00 
176  0.00000615  SUCCESS  Length 11: 00 59 CC 00 00 00 00 00 00 06 20 

182  0.00000000  SolarINVSer.exe  IRP_MJ_WRITE  Serial0  Length 11: BB BB 01 00 00 01 01 02 00 01 7B 
184  0.00000754  SUCCESS  Length 14: BB BB 00 01 01 00 01 82 2A 00 D5 09 34 00 
191  0.00000615  SUCCESS  Length 14: 0F 00 00 13 47 00 01 00 00 00 00 00 00 00 
198  0.00000670  SUCCESS  Length 14: 00 00 00 00 0E 09 75 13 86 01 5E 00 00 00 
205  0.00000643  SUCCESS  Length 11: 00 59 CC 00 00 00 00 00 00 06 4A 

211  0.00000000  SolarINVSer.exe  IRP_MJ_WRITE  Serial0  Length 11: BB BB 01 00 00 01 01 02 00 01 7B 
213  0.00000726  SUCCESS  Length 14: BB BB 00 01 01 00 01 82 2A 00 CE 09 2A 00 
220  0.00000643  SUCCESS  Length 14: 0F 00 00 13 47 00 01 00 00 00 00 00 00 00 
227  0.00000615  SUCCESS  Length 14: 00 00 00 00 0E 09 75 13 86 01 5E 00 00 00 
234  0.00000615  SUCCESS  Length 11: 00 59 CC 00 00 00 00 00 00 06 39 

240  0.00000000  SolarINVSer.exe  IRP_MJ_WRITE  Serial0  Length 11: BB BB 01 00 00 01 01 02 00 01 7B 
242  0.00000726  SUCCESS  Length 14: BB BB 00 01 01 00 01 82 2A 00 BF 08 FB 00 
249  0.00000643  SUCCESS  Length 14: 10 00 00 13 47 00 01 00 00 00 00 00 00 00 
256  0.00000670  SUCCESS  Length 14: 00 00 00 00 0E 09 6C 13 86 01 5E 00 00 00 
263  0.00000643  SUCCESS  Length 11: 00 59 CC 00 00 00 00 00 00 06 F2 

269  0.00000000  SolarINVSer.exe  IRP_MJ_WRITE  Serial0  Length 11: BB BB 01 00 00 01 01 02 00 01 7B 
271  0.00000810  SUCCESS  Length 14: BB BB 00 01 01 00 01 82 2A 00 CE 08 ED 00 
278  0.00000726  SUCCESS  Length 14: 10 00 00 13 47 00 01 00 00 00 00 00 00 00 
285  0.00000726  SUCCESS  Length 14: 00 00 00 00 0E 09 6C 13 86 01 63 00 00 00 
292  0.00000698  SUCCESS  Length 11: 00 59 CC 00 00 00 00 00 00 06 F8 

298  0.00000000  SolarINVSer.exe  IRP_MJ_WRITE  Serial0  Length 11: BB BB 01 00 00 01 01 02 00 01 7B 
300  0.00000559  SUCCESS  Length 14: BB BB 00 01 01 00 01 82 2A 00 BB 08 DA 00 
307  0.00000447  SUCCESS  Length 14: 10 00 00 13 47 00 01 00 00 00 00 00 00 00 
314  0.00000447  SUCCESS  Length 14: 00 00 00 00 0F 09 75 13 86 01 67 00 00 00 
321  0.00000475  SUCCESS  Length 11: 00 59 CC 00 00 00 00 00 00 06 E0 

327  0.00000000  SolarINVSer.exe  IRP_MJ_WRITE  Serial0  Length 11: BB BB 01 00 00 01 01 02 00 01 7B 
329  0.00000559  SUCCESS  Length 14: BB BB 00 01 01 00 01 82 2A 00 D9 08 EE 00 
336  0.00000475  SUCCESS  Length 14: 10 00 00 13 47 00 01 00 00 00 00 00 00 00 
343  0.00000475  SUCCESS  Length 14: 00 00 00 00 0F 09 75 13 86 01 68 00 00 00 
350  0.00000475  SUCCESS  Length 11: 00 59 CC 00 00 00 00 00 00 07 13 

356  0.00000000  SolarINVSer.exe  IRP_MJ_WRITE  Serial0  Length 11: BB BB 01 00 00 01 01 02 00 01 7B 
358  0.00000559  SUCCESS  Length 14: BB BB 00 01 01 00 01 82 2A 00 D1 08 9F 00 
365  0.00000447  SUCCESS  Length 14: 11 00 00 13 47 00 01 00 00 00 00 00 00 00 
372  0.00000447  SUCCESS  Length 14: 00 00 00 00 0F 09 75 13 86 01 6C 00 00 00 
379  0.00000447  SUCCESS  Length 11: 00 59 CC 00 00 00 00 00 00 06 C1 

385  0.00000000  SolarINVSer.exe  IRP_MJ_WRITE  Serial0  Length 11: BB BB 01 00 00 01 01 02 00 01 7B 
387  0.00000754  SUCCESS  Length 14: BB BB 00 01 01 00 01 82 2A 00 BF 09 40 00 
394  0.00000615  SUCCESS  Length 14: 10 00 00 13 47 00 01 00 00 00 00 00 00 00 
401  0.00000643  SUCCESS  Length 14: 00 00 00 00 0E 09 6C 13 87 01 69 00 00 00 
408  0.00000615  SUCCESS  Length 11: 00 59 CC 00 00 00 00 00 00 06 44 

414  0.00000000  SolarINVSer.exe  IRP_MJ_WRITE  Serial0  Length 11: BB BB 01 00 00 01 01 02 00 01 7B 
416  0.00000754  SUCCESS  Length 14: BB BB 00 01 01 00 01 82 2A 00 DC 09 3C 00 
423  0.00000643  SUCCESS  Length 14: 0F 00 00 13 47 00 01 00 00 00 00 00 00 00 
430  0.00000615  SUCCESS  Length 14: 00 00 00 00 0E 09 6C 13 86 01 51 00 00 00 
437  0.00000670  SUCCESS  Length 11: 00 59 CC 00 00 00 00 00 00 06 43 

443  0.00000000  SolarINVSer.exe  IRP_MJ_WRITE  Serial0  Length 11: BB BB 01 00 00 01 01 02 00 01 7B 
445  0.00000782  SUCCESS  Length 14: BB BB 00 01 01 00 01 82 2A 00 DC 09 20 00 
452  0.00000698  SUCCESS  Length 14: 0F 00 00 13 47 00 01 00 00 00 00 00 00 00 
459  0.00000670  SUCCESS  Length 14: 00 00 00 00 0E 09 75 13 86 01 5A 00 00 00 
466  0.00000670  SUCCESS  Length 11: 00 59 CC 00 00 00 00 00 00 06 39 

472  0.00000000  SolarINVSer.exe  IRP_MJ_WRITE  Serial0  Length 11: BB BB 01 00 00 01 01 02 00 01 7B 
474  0.00000559  SUCCESS  Length 14: BB BB 00 01 01 00 01 82 2A 00 C6 09 08 00 
481  0.00000447  SUCCESS  Length 14: 0F 00 00 13 47 00 01 00 00 00 00 00 00 00 
488  0.00000447  SUCCESS  Length 14: 00 00 00 00 0E 09 75 13 87 01 55 00 00 00 
495  0.00000447  SUCCESS  Length 11: 00 59 CC 00 00 00 00 00 00 06 07 

501  0.00000000  SolarINVSer.exe  IRP_MJ_WRITE  Serial0  Length 11: BB BB 01 00 00 01 01 02 00 01 7B 
503  0.00000726  SUCCESS  Length 14: BB BB 00 01 01 00 01 82 2A 00 B4 09 46 00 
510  0.00000670  SUCCESS  Length 14: 0F 00 00 13 47 00 01 00 00 00 00 00 00 00 
517  0.00000643  SUCCESS  Length 14: 00 00 00 00 0E 09 6C 13 86 01 58 00 00 00 
524  0.00000698  SUCCESS  Length 11: 00 59 CC 00 00 00 00 00 00 06 2C 

530  0.00000000  SolarINVSer.exe  IRP_MJ_WRITE  Serial0  Length 11: BB BB 01 00 00 01 01 02 00 01 7B 
532  0.00000782  SUCCESS  Length 14: BB BB 00 01 01 00 01 82 2A 00 D1 09 10 00 
539  0.00000670  SUCCESS  Length 14: 0F 00 00 13 47 00 01 00 00 00 00 00 00 00 
546  0.00000670  SUCCESS  Length 14: 00 00 00 00 0E 09 6C 13 86 01 57 00 00 00 
553  0.00000643  SUCCESS  Length 11: 00 59 CC 00 00 00 00 00 00 06 12 

559  0.00000000  SolarINVSer.exe  IRP_MJ_WRITE  Serial0  Length 11: BB BB 01 00 00 01 01 02 00 01 7B 
561  0.00000726  SUCCESS  Length 14: BB BB 00 01 01 00 01 82 2A 00 D9 09 45 00 
568  0.00000643  SUCCESS  Length 14: 0F 00 00 13 47 00 01 00 00 00 00 00 00 00 
575  0.00000670  SUCCESS  Length 14: 00 00 00 00 0E 09 6C 13 86 01 57 00 00 00 
582  0.00000670  SUCCESS  Length 11: 00 59 CC 00 00 00 00 00 00 06 4F 

588  0.00000000  SolarINVSer.exe  IRP_MJ_WRITE  Serial0  Length 11: BB BB 01 00 00 01 01 02 00 01 7B 
590  0.00000754  SUCCESS  Length 14: BB BB 00 01 01 00 01 82 2A 00 C3 09 39 00 
597  0.00000643  SUCCESS  Length 14: 0F 00 00 13 47 00 01 00 00 00 00 00 00 00 
604  0.00000615  SUCCESS  Length 14: 00 00 00 00 0E 09 6C 13 85 01 55 00 00 00 
611  0.00000643  SUCCESS  Length 11: 00 59 CC 00 00 00 00 00 00 06 2A 

617  0.00000000  SolarINVSer.exe  IRP_MJ_WRITE  Serial0  Length 11: BB BB 01 00 00 01 01 02 00 01 7B 
619  0.00000698  SUCCESS  Length 14: BB BB 00 01 01 00 01 82 2A 00 D9 09 36 00 
626  0.00000643  SUCCESS  Length 14: 0F 00 00 13 47 00 01 00 00 00 00 00 00 00 
633  0.00000615  SUCCESS  Length 14: 00 00 00 00 0E 09 6C 13 86 01 5C 00 00 00 
640  0.00000643  SUCCESS  Length 11: 00 59 CC 00 00 00 00 00 00 06 45 

646  0.00000000  SolarINVSer.exe  IRP_MJ_WRITE  Serial0  Length 11: BB BB 01 00 00 01 01 02 00 01 7B 
648  0.00000810  SUCCESS  Length 14: BB BB 00 01 01 00 01 82 2A 00 CA 09 4A 00 
655  0.00000643  SUCCESS  Length 14: 0F 00 00 13 47 00 01 00 00 00 00 00 00 00 
662  0.00000670  SUCCESS  Length 14: 00 00 00 00 0E 09 75 13 85 01 56 00 00 00 
669  0.00000643  SUCCESS  Length 11: 00 59 CC 00 00 00 00 00 00 06 4C 

675  0.00000000  SolarINVSer.exe  IRP_MJ_WRITE  Serial0  Length 11: BB BB 01 00 00 01 01 02 00 01 7B 
677  0.00000838  SUCCESS  Length 14: BB BB 00 01 01 00 01 82 2A 00 C3 09 46 00 
684  0.00000726  SUCCESS  Length 14: 0F 00 00 13 47 00 01 00 00 00 00 00 00 00 
691  0.00000698  SUCCESS  Length 14: 00 00 00 00 0E 09 75 13 85 01 60 00 00 00 
698  0.00000754  SUCCESS  Length 11: 00 59 CC 00 00 00 00 00 00 06 4B 

704  0.00000000  SolarINVSer.exe  IRP_MJ_WRITE  Serial0  Length 11: BB BB 01 00 00 01 01 02 00 01 7B 
706  0.00000587  SUCCESS  Length 14: BB BB 00 01 01 00 01 82 2A 00 B8 09 33 00 
713  0.00000475  SUCCESS  Length 14: 0F 00 00 13 47 00 01 00 00 00 00 00 00 00 
720  0.00000475  SUCCESS  Length 14: 00 00 00 00 0E 09 6C 13 85 01 60 00 00 00 
727  0.00000531  SUCCESS  Length 11: 00 59 CC 00 00 00 00 00 00 06 24 

733  0.00000000  SolarINVSer.exe  IRP_MJ_WRITE  Serial0  Length 11: BB BB 01 00 00 01 01 02 00 01 7B 
735  0.00000559  SUCCESS  Length 14: BB BB 00 01 01 00 01 82 2A 00 CA 09 27 00 
742  0.00000447  SUCCESS  Length 14: 0F 00 00 13 47 00 01 00 00 00 00 00 00 00 
749  0.00000447  SUCCESS  Length 14: 00 00 00 00 0E 09 6C 13 84 01 59 00 00 00 
756  0.00000447  SUCCESS  Length 11: 00 59 CC 00 00 00 00 00 00 06 22 

762  0.00000000  SolarINVSer.exe  IRP_MJ_WRITE  Serial0  Length 11: BB BB 01 00 00 01 01 02 00 01 7B 
764  0.00000754  SUCCESS  Length 14: BB BB 00 01 01 00 01 82 2A 00 C6 08 8F 00 
771  0.00000670  SUCCESS  Length 14: 10 00 00 13 47 00 01 00 00 00 00 00 00 00 
778  0.00000670  SUCCESS  Length 14: 00 00 00 00 0E 09 6C 13 84 01 5E 00 00 00 
785  0.00000670  SUCCESS  Length 11: 00 59 CC 00 00 00 00 00 00 06 8B 

791  0.00000000  SolarINVSer.exe  IRP_MJ_WRITE  Serial0  Length 11: BB BB 01 00 00 01 01 02 00 01 7B 
793  0.00000782  SUCCESS  Length 14: BB BB 00 01 01 00 01 82 2A 00 D1 09 03 00 
800  0.00000615  SUCCESS  Length 14: 0F 00 00 13 47 00 01 00 00 00 00 00 00 00 
807  0.00000615  SUCCESS  Length 14: 00 00 00 00 0E 09 75 13 84 01 54 00 00 00 
814  0.00000670  SUCCESS  Length 11: 00 59 CC 00 00 00 00 00 00 06 09 

820  0.00000000  SolarINVSer.exe  IRP_MJ_WRITE  Serial0  Length 11: BB BB 01 00 00 01 01 02 00 01 7B 
822  0.00000754  SUCCESS  Length 14: BB BB 00 01 01 00 01 82 2A 00 CA 09 45 00 
829  0.00000615  SUCCESS  Length 14: 0F 00 00 13 47 00 01 00 00 00 00 00 00 00 
836  0.00000615  SUCCESS  Length 14: 00 00 00 00 0E 09 75 13 85 01 59 00 00 00 
843  0.00000670  SUCCESS  Length 11: 00 59 CC 00 00 00 00 00 00 06 4A 

849  0.00000000  SolarINVSer.exe  IRP_MJ_WRITE  Serial0  Length 11: BB BB 01 00 00 01 01 02 00 01 7B 
851  0.00000559  SUCCESS  Length 14: BB BB 00 01 01 00 01 82 2A 00 BF 09 1C 00 
858  0.00000475  SUCCESS  Length 14: 10 00 00 13 47 00 01 00 00 00 00 00 00 00 
865  0.00000447  SUCCESS  Length 14: 00 00 00 00 0F 09 75 13 85 01 6C 00 00 00 
872  0.00000475  SUCCESS  Length 11: 00 59 CC 00 00 00 00 00 00 06 2B 

878  0.00000000  SolarINVSer.exe  IRP_MJ_WRITE  Serial0  Length 11: BB BB 01 00 00 01 01 02 00 01 7B 
880  0.00000670  SUCCESS  Length 14: BB BB 00 01 01 00 01 82 2A 00 C6 09 06 00 
887  0.00000559  SUCCESS  Length 14: 10 00 00 13 47 00 01 00 00 00 00 00 00 00 
894  0.00000587  SUCCESS  Length 14: 00 00 00 00 0F 09 75 13 84 01 6B 00 00 00 
901  0.00000559  SUCCESS  Length 11: 00 59 CC 00 00 00 00 00 00 06 1A 

907  0.00000000  SolarINVSer.exe  IRP_MJ_WRITE  Serial0  Length 11: BB BB 01 00 00 01 01 02 00 01 7B 
909  0.00000782  SUCCESS  Length 14: BB BB 00 01 01 00 01 82 2A 00 CE 09 7F 00 
916  0.00000643  SUCCESS  Length 14: 0C 00 00 13 47 00 01 00 00 00 00 00 00 00 
923  0.00000643  SUCCESS  Length 14: 00 00 00 00 07 09 6C 13 84 01 23 00 00 00 
930  0.00000643  SUCCESS  Length 11: 00 59 CC 00 00 00 00 00 00 06 3E 

936  0.00000000  SolarINVSer.exe  IRP_MJ_WRITE  Serial0  Length 11: BB BB 01 00 00 01 01 02 00 01 7B 
938  0.00000782  SUCCESS  Length 14: BB BB 00 01 01 00 01 82 2A 00 C3 09 7C 00 
945  0.00000615  SUCCESS  Length 14: 07 00 00 13 47 00 01 00 00 00 00 00 00 00 
952  0.00000615  SUCCESS  Length 14: 00 00 00 00 07 09 6C 13 84 00 B8 00 00 00 
959  0.00000643  SUCCESS  Length 11: 00 59 CC 00 00 00 00 00 00 06 BF 

965  0.00000000  SolarINVSer.exe  IRP_MJ_WRITE  Serial0  Length 11: BB BB 01 00 00 01 01 02 00 01 7B 
967  0.00000726  SUCCESS  Length 14: BB BB 00 01 01 00 01 82 2A 00 BB 09 73 00 
974  0.00000643  SUCCESS  Length 14: 08 00 00 13 47 00 01 00 00 00 00 00 00 00 
981  0.00000615  SUCCESS  Length 14: 00 00 00 00 08 09 6C 13 85 00 C8 00 00 00 
988  0.00000643  SUCCESS  Length 11: 00 59 CC 00 00 00 00 00 00 06 C1 

994  0.00000000  SolarINVSer.exe  IRP_MJ_WRITE  Serial0  Length 11: BB BB 01 00 00 01 01 02 00 01 7B 
996  0.00000782  SUCCESS  Length 14: BB BB 00 01 01 00 01 82 2A 00 CA 09 70 00 
1003  0.00000615  SUCCESS  Length 14: 09 00 00 13 47 00 01 00 00 00 00 00 00 00 
1010  0.00000643  SUCCESS  Length 14: 00 00 00 00 09 09 6C 13 85 00 DA 00 00 00 
1017  0.00000643  SUCCESS  Length 11: 00 59 CC 00 00 00 00 00 00 06 E1 

